0 info it worked if it ends with ok
1 verbose cli [ '/Users/mejustme/.nvm/versions/node/v6.8.0/bin/node',
1 verbose cli   '/Users/mejustme/.nvm/versions/node/v6.8.0/bin/npm',
1 verbose cli   'run',
1 verbose cli   'start-html' ]
2 info using npm@3.10.8
3 info using node@v6.8.0
4 verbose run-script [ 'prestart-html', 'start-html', 'poststart-html' ]
5 info lifecycle wedding-invitations@1.0.0~prestart-html: wedding-invitations@1.0.0
6 silly lifecycle wedding-invitations@1.0.0~prestart-html: no script for prestart-html, continuing
7 info lifecycle wedding-invitations@1.0.0~start-html: wedding-invitations@1.0.0
8 verbose lifecycle wedding-invitations@1.0.0~start-html: unsafe-perm in lifecycle true
9 verbose lifecycle wedding-invitations@1.0.0~start-html: PATH: /Users/mejustme/.nvm/versions/node/v6.8.0/lib/node_modules/npm/bin/node-gyp-bin:/Users/mejustme/Desktop/workspace/github/wedding-invitations/node_modules/.bin:/Users/mejustme/torch/install/bin:/Users/mejustme/.nvm/versions/node/v6.8.0/bin:/usr/local/apache-maven-3.2.3/bin:/Users/mejustme/bin:/usr/local/bin:/Library/Frameworks/Python.framework/Versions/3.5/bin:/usr/local/bin:/usr/bin:/bin:/usr/sbin:/sbin:/opt/X11/bin:/Library/Java/JavaVirtualMachines/jdk1.8.0.jdk/Contents/Home/bin:/Users/mejustme/Library/Android/sdk/tools:/Users/mejustme/Library/Android/sdk/tools/bin:/Users/mejustme/Library/Android/sdk/platform-tools:/usr/local/apache-ant-1.8.1/bin:/usr/local/elasticsearch-5.6.2/bin:/Users/mejustme/mongodb-2.6.8/bin
10 verbose lifecycle wedding-invitations@1.0.0~start-html: CWD: /Users/mejustme/Desktop/workspace/github/wedding-invitations
11 silly lifecycle wedding-invitations@1.0.0~start-html: Args: [ '-c', 'node app.js' ]
12 silly lifecycle wedding-invitations@1.0.0~start-html: Returned: code: 1  signal: null
13 info lifecycle wedding-invitations@1.0.0~start-html: Failed to exec start-html script
14 verbose stack Error: wedding-invitations@1.0.0 start-html: `node app.js`
14 verbose stack Exit status 1
14 verbose stack     at EventEmitter.<anonymous> (/Users/mejustme/.nvm/versions/node/v6.8.0/lib/node_modules/npm/lib/utils/lifecycle.js:255:16)
14 verbose stack     at emitTwo (events.js:106:13)
14 verbose stack     at EventEmitter.emit (events.js:191:7)
14 verbose stack     at ChildProcess.<anonymous> (/Users/mejustme/.nvm/versions/node/v6.8.0/lib/node_modules/npm/lib/utils/spawn.js:40:14)
14 verbose stack     at emitTwo (events.js:106:13)
14 verbose stack     at ChildProcess.emit (events.js:191:7)
14 verbose stack     at maybeClose (internal/child_process.js:877:16)
14 verbose stack     at Process.ChildProcess._handle.onexit (internal/child_process.js:226:5)
15 verbose pkgid wedding-invitations@1.0.0
16 verbose cwd /Users/mejustme/Desktop/workspace/github/wedding-invitations
17 error Darwin 15.2.0
18 error argv "/Users/mejustme/.nvm/versions/node/v6.8.0/bin/node" "/Users/mejustme/.nvm/versions/node/v6.8.0/bin/npm" "run" "start-html"
19 error node v6.8.0
20 error npm  v3.10.8
21 error code ELIFECYCLE
22 error wedding-invitations@1.0.0 start-html: `node app.js`
22 error Exit status 1
23 error Failed at the wedding-invitations@1.0.0 start-html script 'node app.js'.
23 error Make sure you have the latest version of node.js and npm installed.
23 error If you do, this is most likely a problem with the wedding-invitations package,
23 error not with npm itself.
23 error Tell the author that this fails on your system:
23 error     node app.js
23 error You can get information on how to open an issue for this project with:
23 error     npm bugs wedding-invitations
23 error Or if that isn't available, you can get their info via:
23 error     npm owner ls wedding-invitations
23 error There is likely additional logging output above.
24 verbose exit [ 1, true ]
